# JRE version: Java(TM) SE Runtime Environment (8.0_51-b16) (build 1.8.0_51-b16)
# Java VM: Java HotSpot(TM) 64-Bit Server VM (25.51-b03 mixed mode windows-amd64 compressed oops)
Heap:
 PSYoungGen      total 96768K, used 27625K [0x00000000eb500000, 0x00000000f4c80000, 0x0000000100000000)
  eden space 83456K, 17% used [0x00000000eb500000,0x00000000ec2fa630,0x00000000f0680000)
  from space 13312K, 99% used [0x00000000f0680000,0x00000000f137fe00,0x00000000f1380000)
  to   space 15872K, 0% used [0x00000000f3d00000,0x00000000f3d00000,0x00000000f4c80000)
 ParOldGen       total 39424K, used 24347K [0x00000000c1e00000, 0x00000000c4480000, 0x00000000eb500000)
  object space 39424K, 61% used [0x00000000c1e00000,0x00000000c35c6c08,0x00000000c4480000)
 Metaspace       used 23499K, capacity 24048K, committed 24192K, reserved 1071104K
  class space    used 2769K, capacity 2928K, committed 2944K, reserved 1048576K
GC Heap History (10 events):
Event: 15.174 GC heap before
{Heap before GC invocations=10 (full 0):
 PSYoungGen      total 58368K, used 12322K [0x00000000eb500000, 0x00000000efc00000, 0x0000000100000000)
  eden space 51200K, 11% used [0x00000000eb500000,0x00000000eba802c8,0x00000000ee700000)
  from space 7168K, 93% used [0x00000000ef400000,0x00000000efa88690,0x00000000efb00000)
  to   space 1024K, 0% used [0x00000000efb00000,0x00000000efb00000,0x00000000efc00000)
 ParOldGen       total 44032K, used 12048K [0x00000000c1e00000, 0x00000000c4900000, 0x00000000eb500000)
  object space 44032K, 27% used [0x00000000c1e00000,0x00000000c29c4038,0x00000000c4900000)
 Metaspace       used 20602K, capacity 21042K, committed 21296K, reserved 1069056K
  class space    used 2449K, capacity 2587K, committed 2688K, reserved 1048576K
Event: 15.186 GC heap after
Heap after GC invocations=10 (full 0):
 PSYoungGen      total 65024K, used 1024K [0x00000000eb500000, 0x00000000f1400000, 0x0000000100000000)
  eden space 64000K, 0% used [0x00000000eb500000,0x00000000eb500000,0x00000000ef380000)
  from space 1024K, 100% used [0x00000000efb00000,0x00000000efc00000,0x00000000efc00000)
  to   space 7680K, 0% used [0x00000000ef380000,0x00000000ef380000,0x00000000efb00000)
 ParOldGen       total 44032K, used 16405K [0x00000000c1e00000, 0x00000000c4900000, 0x00000000eb500000)
  object space 44032K, 37% used [0x00000000c1e00000,0x00000000c2e05748,0x00000000c4900000)
 Metaspace       used 20602K, capacity 21042K, committed 21296K, reserved 1069056K
  class space    used 2449K, capacity 2587K, committed 2688K, reserved 1048576K
}
Event: 15.186 GC heap before
{Heap before GC invocations=11 (full 1):
 PSYoungGen      total 65024K, used 1024K [0x00000000eb500000, 0x00000000f1400000, 0x0000000100000000)
  eden space 64000K, 0% used [0x00000000eb500000,0x00000000eb500000,0x00000000ef380000)
  from space 1024K, 100% used [0x00000000efb00000,0x00000000efc00000,0x00000000efc00000)
  to   space 7680K, 0% used [0x00000000ef380000,0x00000000ef380000,0x00000000efb00000)
 ParOldGen       total 44032K, used 16405K [0x00000000c1e00000, 0x00000000c4900000, 0x00000000eb500000)
  object space 44032K, 37% used [0x00000000c1e00000,0x00000000c2e05748,0x00000000c4900000)
 Metaspace       used 20602K, capacity 21042K, committed 21296K, reserved 1069056K
  class space    used 2449K, capacity 2587K, committed 2688K, reserved 1048576K
Event: 15.304 GC heap after
Heap after GC invocations=11 (full 1):
 PSYoungGen      total 65024K, used 0K [0x00000000eb500000, 0x00000000f1400000, 0x0000000100000000)
  eden space 64000K, 0% used [0x00000000eb500000,0x00000000eb500000,0x00000000ef380000)
  from space 1024K, 0% used [0x00000000efb00000,0x00000000efb00000,0x00000000efc00000)
  to   space 7680K, 0% used [0x00000000ef380000,0x00000000ef380000,0x00000000efb00000)
 ParOldGen       total 39424K, used 12147K [0x00000000c1e00000, 0x00000000c4480000, 0x00000000eb500000)
  object space 39424K, 30% used [0x00000000c1e00000,0x00000000c29dcf88,0x00000000c4480000)
 Metaspace       used 20602K, capacity 21042K, committed 21296K, reserved 1069056K
  class space    used 2449K, capacity 2587K, committed 2688K, reserved 1048576K
}
Event: 17.372 GC heap before
{Heap before GC invocations=12 (full 1):
 PSYoungGen      total 65024K, used 64000K [0x00000000eb500000, 0x00000000f1400000, 0x0000000100000000)
  eden space 64000K, 100% used [0x00000000eb500000,0x00000000ef380000,0x00000000ef380000)
  from space 1024K, 0% used [0x00000000efb00000,0x00000000efb00000,0x00000000efc00000)
  to   space 7680K, 0% used [0x00000000ef380000,0x00000000ef380000,0x00000000efb00000)
 ParOldGen       total 39424K, used 12147K [0x00000000c1e00000, 0x00000000c4480000, 0x00000000eb500000)
  object space 39424K, 30% used [0x00000000c1e00000,0x00000000c29dcf88,0x00000000c4480000)
 Metaspace       used 23451K, capacity 24016K, committed 24192K, reserved 1071104K
  class space    used 2767K, capacity 2896K, committed 2944K, reserved 1048576K
Event: 17.386 GC heap after
Heap after GC invocations=12 (full 1):
 PSYoungGen      total 71680K, used 7673K [0x00000000eb500000, 0x00000000f1d80000, 0x0000000100000000)
  eden space 64000K, 0% used [0x00000000eb500000,0x00000000eb500000,0x00000000ef380000)
  from space 7680K, 99% used [0x00000000ef380000,0x00000000efafe478,0x00000000efb00000)
  to   space 10240K, 0% used [0x00000000f1380000,0x00000000f1380000,0x00000000f1d80000)
 ParOldGen       total 39424K, used 16407K [0x00000000c1e00000, 0x00000000c4480000, 0x00000000eb500000)
  object space 39424K, 41% used [0x00000000c1e00000,0x00000000c2e05c30,0x00000000c4480000)
 Metaspace       used 23451K, capacity 24016K, committed 24192K, reserved 1071104K
  class space    used 2767K, capacity 2896K, committed 2944K, reserved 1048576K
}
Event: 17.869 GC heap before
{Heap before GC invocations=13 (full 1):
 PSYoungGen      total 71680K, used 71673K [0x00000000eb500000, 0x00000000f1d80000, 0x0000000100000000)
  eden space 64000K, 100% used [0x00000000eb500000,0x00000000ef380000,0x00000000ef380000)
  from space 7680K, 99% used [0x00000000ef380000,0x00000000efafe478,0x00000000efb00000)
  to   space 10240K, 0% used [0x00000000f1380000,0x00000000f1380000,0x00000000f1d80000)
 ParOldGen       total 39424K, used 16407K [0x00000000c1e00000, 0x00000000c4480000, 0x00000000eb500000)
  object space 39424K, 41% used [0x00000000c1e00000,0x00000000c2e05c30,0x00000000c4480000)
 Metaspace       used 23495K, capacity 24048K, committed 24192K, reserved 1071104K
  class space    used 2769K, capacity 2928K, committed 2944K, reserved 1048576K
Event: 17.894 GC heap after
Heap after GC invocations=13 (full 1):
 PSYoungGen      total 93696K, used 10215K [0x00000000eb500000, 0x00000000f2880000, 0x0000000100000000)
  eden space 83456K, 0% used [0x00000000eb500000,0x00000000eb500000,0x00000000f0680000)
  from space 10240K, 99% used [0x00000000f1380000,0x00000000f1d79f28,0x00000000f1d80000)
  to   space 13312K, 0% used [0x00000000f0680000,0x00000000f0680000,0x00000000f1380000)
 ParOldGen       total 39424K, used 21266K [0x00000000c1e00000, 0x00000000c4480000, 0x00000000eb500000)
  object space 39424K, 53% used [0x00000000c1e00000,0x00000000c32c4948,0x00000000c4480000)
 Metaspace       used 23495K, capacity 24048K, committed 24192K, reserved 1071104K
  class space    used 2769K, capacity 2928K, committed 2944K, reserved 1048576K
}
Event: 18.426 GC heap before
{Heap before GC invocations=14 (full 1):
 PSYoungGen      total 93696K, used 93671K [0x00000000eb500000, 0x00000000f2880000, 0x0000000100000000)
  eden space 83456K, 100% used [0x00000000eb500000,0x00000000f0680000,0x00000000f0680000)
  from space 10240K, 99% used [0x00000000f1380000,0x00000000f1d79f28,0x00000000f1d80000)
  to   space 13312K, 0% used [0x00000000f0680000,0x00000000f0680000,0x00000000f1380000)
 ParOldGen       total 39424K, used 21266K [0x00000000c1e00000, 0x00000000c4480000, 0x00000000eb500000)
  object space 39424K, 53% used [0x00000000c1e00000,0x00000000c32c4948,0x00000000c4480000)
 Metaspace       used 23499K, capacity 24048K, committed 24192K, reserved 1071104K
  class space    used 2769K, capacity 2928K, committed 2944K, reserved 1048576K
Event: 18.461 GC heap after
Heap after GC invocations=14 (full 1):
 PSYoungGen      total 96768K, used 13311K [0x00000000eb500000, 0x00000000f4c80000, 0x0000000100000000)
  eden space 83456K, 0% used [0x00000000eb500000,0x00000000eb500000,0x00000000f0680000)
  from space 13312K, 99% used [0x00000000f0680000,0x00000000f137fe00,0x00000000f1380000)
  to   space 15872K, 0% used [0x00000000f3d00000,0x00000000f3d00000,0x00000000f4c80000)
 ParOldGen       total 39424K, used 24347K [0x00000000c1e00000, 0x00000000c4480000, 0x00000000eb500000)
  object space 39424K, 61% used [0x00000000c1e00000,0x00000000c35c6c08,0x00000000c4480000)
 Metaspace       used 23499K, capacity 24048K, committed 24192K, reserved 1071104K
  class space    used 2769K, capacity 2928K, committed 2944K, reserved 1048576K
}

